# JRE version: Java(TM) SE Runtime Environment (8.0_171-b11) (build 1.8.0_171-b11)
# Java VM: Java HotSpot(TM) 64-Bit Server VM (25.171-b11 mixed mode linux-amd64 compressed oops)
Heap:
 PSYoungGen      total 127488K, used 64K [0x00000000eb600000, 0x00000000f3300000, 0x0000000100000000)
  eden space 126976K, 0% used [0x00000000eb600000,0x00000000eb600000,0x00000000f3200000)
  from space 512K, 12% used [0x00000000f3200000,0x00000000f3210000,0x00000000f3280000)
  to   space 512K, 0% used [0x00000000f3280000,0x00000000f3280000,0x00000000f3300000)
 ParOldGen       total 42496K, used 344K [0x00000000c2200000, 0x00000000c4b80000, 0x00000000eb600000)
  object space 42496K, 0% used [0x00000000c2200000,0x00000000c2256050,0x00000000c4b80000)
 Metaspace       used 2715K, capacity 4496K, committed 4864K, reserved 1056768K
  class space    used 290K, capacity 388K, committed 512K, reserved 1048576K
GC Heap History (10 events):
Event: 0,404 GC heap after
Heap after GC invocations=4 (full 0):
 PSYoungGen      total 34304K, used 320K [0x00000000eb600000, 0x00000000eda00000, 0x0000000100000000)
  eden space 31744K, 0% used [0x00000000eb600000,0x00000000eb600000,0x00000000ed500000)
  from space 2560K, 12% used [0x00000000ed780000,0x00000000ed7d0020,0x00000000eda00000)
  to   space 2560K, 0% used [0x00000000ed500000,0x00000000ed500000,0x00000000ed780000)
 ParOldGen       total 42496K, used 16K [0x00000000c2200000, 0x00000000c4b80000, 0x00000000eb600000)
  object space 42496K, 0% used [0x00000000c2200000,0x00000000c2204000,0x00000000c4b80000)
 Metaspace       used 2715K, capacity 4496K, committed 4864K, reserved 1056768K
  class space    used 290K, capacity 388K, committed 512K, reserved 1048576K
}
Event: 0,583 GC heap before
{Heap before GC invocations=5 (full 0):
 PSYoungGen      total 34304K, used 32064K [0x00000000eb600000, 0x00000000eda00000, 0x0000000100000000)
  eden space 31744K, 100% used [0x00000000eb600000,0x00000000ed500000,0x00000000ed500000)
  from space 2560K, 12% used [0x00000000ed780000,0x00000000ed7d0020,0x00000000eda00000)
  to   space 2560K, 0% used [0x00000000ed500000,0x00000000ed500000,0x00000000ed780000)
 ParOldGen       total 42496K, used 16K [0x00000000c2200000, 0x00000000c4b80000, 0x00000000eb600000)
  object space 42496K, 0% used [0x00000000c2200000,0x00000000c2204000,0x00000000c4b80000)
 Metaspace       used 2715K, capacity 4496K, committed 4864K, reserved 1056768K
  class space    used 290K, capacity 388K, committed 512K, reserved 1048576K
Event: 0,584 GC heap after
Heap after GC invocations=5 (full 0):
 PSYoungGen      total 34304K, used 320K [0x00000000eb600000, 0x00000000ef500000, 0x0000000100000000)
  eden space 31744K, 0% used [0x00000000eb600000,0x00000000eb600000,0x00000000ed500000)
  from space 2560K, 12% used [0x00000000ed500000,0x00000000ed550000,0x00000000ed780000)
  to   space 512K, 0% used [0x00000000ef480000,0x00000000ef480000,0x00000000ef500000)
 ParOldGen       total 42496K, used 24K [0x00000000c2200000, 0x00000000c4b80000, 0x00000000eb600000)
  object space 42496K, 0% used [0x00000000c2200000,0x00000000c2206000,0x00000000c4b80000)
 Metaspace       used 2715K, capacity 4496K, committed 4864K, reserved 1056768K
  class space    used 290K, capacity 388K, committed 512K, reserved 1048576K
}
Event: 0,688 GC heap before
{Heap before GC invocations=6 (full 0):
 PSYoungGen      total 34304K, used 32064K [0x00000000eb600000, 0x00000000ef500000, 0x0000000100000000)
  eden space 31744K, 100% used [0x00000000eb600000,0x00000000ed500000,0x00000000ed500000)
  from space 2560K, 12% used [0x00000000ed500000,0x00000000ed550000,0x00000000ed780000)
  to   space 512K, 0% used [0x00000000ef480000,0x00000000ef480000,0x00000000ef500000)
 ParOldGen       total 42496K, used 24K [0x00000000c2200000, 0x00000000c4b80000, 0x00000000eb600000)
  object space 42496K, 0% used [0x00000000c2200000,0x00000000c2206000,0x00000000c4b80000)
 Metaspace       used 2715K, capacity 4496K, committed 4864K, reserved 1056768K
  class space    used 290K, capacity 388K, committed 512K, reserved 1048576K
Event: 0,692 GC heap after
Heap after GC invocations=6 (full 0):
 PSYoungGen      total 64000K, used 336K [0x00000000eb600000, 0x00000000ef500000, 0x0000000100000000)
  eden space 63488K, 0% used [0x00000000eb600000,0x00000000eb600000,0x00000000ef400000)
  from space 512K, 65% used [0x00000000ef480000,0x00000000ef4d4010,0x00000000ef500000)
  to   space 512K, 0% used [0x00000000ef400000,0x00000000ef400000,0x00000000ef480000)
 ParOldGen       total 42496K, used 32K [0x00000000c2200000, 0x00000000c4b80000, 0x00000000eb600000)
  object space 42496K, 0% used [0x00000000c2200000,0x00000000c2208000,0x00000000c4b80000)
 Metaspace       used 2715K, capacity 4496K, committed 4864K, reserved 1056768K
  class space    used 290K, capacity 388K, committed 512K, reserved 1048576K
}
Event: 0,990 GC heap before
{Heap before GC invocations=7 (full 0):
 PSYoungGen      total 64000K, used 63824K [0x00000000eb600000, 0x00000000ef500000, 0x0000000100000000)
  eden space 63488K, 100% used [0x00000000eb600000,0x00000000ef400000,0x00000000ef400000)
  from space 512K, 65% used [0x00000000ef480000,0x00000000ef4d4010,0x00000000ef500000)
  to   space 512K, 0% used [0x00000000ef400000,0x00000000ef400000,0x00000000ef480000)
 ParOldGen       total 42496K, used 32K [0x00000000c2200000, 0x00000000c4b80000, 0x00000000eb600000)
  object space 42496K, 0% used [0x00000000c2200000,0x00000000c2208000,0x00000000c4b80000)
 Metaspace       used 2715K, capacity 4496K, committed 4864K, reserved 1056768K
  class space    used 290K, capacity 388K, committed 512K, reserved 1048576K
Event: 0,991 GC heap after
Heap after GC invocations=7 (full 0):
 PSYoungGen      total 64000K, used 32K [0x00000000eb600000, 0x00000000f3300000, 0x0000000100000000)
  eden space 63488K, 0% used [0x00000000eb600000,0x00000000eb600000,0x00000000ef400000)
  from space 512K, 6% used [0x00000000ef400000,0x00000000ef408000,0x00000000ef480000)
  to   space 512K, 0% used [0x00000000f3280000,0x00000000f3280000,0x00000000f3300000)
 ParOldGen       total 42496K, used 344K [0x00000000c2200000, 0x00000000c4b80000, 0x00000000eb600000)
  object space 42496K, 0% used [0x00000000c2200000,0x00000000c2256050,0x00000000c4b80000)
 Metaspace       used 2715K, capacity 4496K, committed 4864K, reserved 1056768K
  class space    used 290K, capacity 388K, committed 512K, reserved 1048576K
}
Event: 1,306 GC heap before
{Heap before GC invocations=8 (full 0):
 PSYoungGen      total 64000K, used 63520K [0x00000000eb600000, 0x00000000f3300000, 0x0000000100000000)
  eden space 63488K, 100% used [0x00000000eb600000,0x00000000ef400000,0x00000000ef400000)
  from space 512K, 6% used [0x00000000ef400000,0x00000000ef408000,0x00000000ef480000)
  to   space 512K, 0% used [0x00000000f3280000,0x00000000f3280000,0x00000000f3300000)
 ParOldGen       total 42496K, used 344K [0x00000000c2200000, 0x00000000c4b80000, 0x00000000eb600000)
  object space 42496K, 0% used [0x00000000c2200000,0x00000000c2256050,0x00000000c4b80000)
 Metaspace       used 2715K, capacity 4496K, committed 4864K, reserved 1056768K
  class space    used 290K, capacity 388K, committed 512K, reserved 1048576K
Event: 1,308 GC heap after
Heap after GC invocations=8 (full 0):
 PSYoungGen      total 127488K, used 32K [0x00000000eb600000, 0x00000000f3300000, 0x0000000100000000)
  eden space 126976K, 0% used [0x00000000eb600000,0x00000000eb600000,0x00000000f3200000)
  from space 512K, 6% used [0x00000000f3280000,0x00000000f3288000,0x00000000f3300000)
  to   space 512K, 0% used [0x00000000f3200000,0x00000000f3200000,0x00000000f3280000)
 ParOldGen       total 42496K, used 344K [0x00000000c2200000, 0x00000000c4b80000, 0x00000000eb600000)
  object space 42496K, 0% used [0x00000000c2200000,0x00000000c2256050,0x00000000c4b80000)
 Metaspace       used 2715K, capacity 4496K, committed 4864K, reserved 1056768K
  class space    used 290K, capacity 388K, committed 512K, reserved 1048576K
}
Event: 1,794 GC heap before
{Heap before GC invocations=9 (full 0):
 PSYoungGen      total 127488K, used 127008K [0x00000000eb600000, 0x00000000f3300000, 0x0000000100000000)
  eden space 126976K, 100% used [0x00000000eb600000,0x00000000f3200000,0x00000000f3200000)
  from space 512K, 6% used [0x00000000f3280000,0x00000000f3288000,0x00000000f3300000)
  to   space 512K, 0% used [0x00000000f3200000,0x00000000f3200000,0x00000000f3280000)
 ParOldGen       total 42496K, used 344K [0x00000000c2200000, 0x00000000c4b80000, 0x00000000eb600000)
  object space 42496K, 0% used [0x00000000c2200000,0x00000000c2256050,0x00000000c4b80000)
 Metaspace       used 2715K, capacity 4496K, committed 4864K, reserved 1056768K
  class space    used 290K, capacity 388K, committed 512K, reserved 1048576K

